<?xml version="1.0" encoding="UTF-8"?>
<!-- Generated by org.testng.reporters.JUnitReportReporter -->
<testsuite hostname="DESKTOP-LVNNG7C" name="testScripts.phptsng" tests="7" failures="0" timestamp="13 Apr 2021 21:31:49 GMT" time="0.286" errors="0">
  <testcase name="enablefirstname" time="0.070" classname="testScripts.phptsng"/>
  <testcase name="enableemail" time="0.034" classname="testScripts.phptsng"/>
  <testcase name="enablemobileNumber" time="0.033" classname="testScripts.phptsng"/>
  <testcase name="enablepassword" time="0.038" classname="testScripts.phptsng"/>
  <testcase name="enablesignup" time="0.032" classname="testScripts.phptsng"/>
  <testcase name="enablelastname" time="0.035" classname="testScripts.phptsng"/>
  <testcase name="enableconfirmpassword" time="0.044" classname="testScripts.phptsng"/>
</testsuite> <!-- testScripts.phptsng -->
