<?xml version="1.0" encoding="UTF-8"?>
<!-- Generated by org.testng.reporters.JUnitReportReporter -->
<testsuite hostname="DESKTOP-LVNNG7C" name="testScripts.saucedemoTstng" tests="2" failures="0" timestamp="8 Apr 2021 20:11:07 GMT" time="6.790" errors="0">
  <testcase name="negativeloginTest" time="3.355" classname="testScripts.saucedemoTstng"/>
  <testcase name="positiveloginTest" time="3.435" classname="testScripts.saucedemoTstng"/>
</testsuite> <!-- testScripts.saucedemoTstng -->
