<?xml version="1.0" encoding="UTF-8"?>
<!-- Generated by org.testng.reporters.JUnitReportReporter -->
<testsuite hostname="DESKTOP-LVNNG7C" name="testScripts.automationTsng" tests="8" failures="0" timestamp="21 Apr 2021 18:50:32 GMT" time="15.514" errors="0">
  <testcase name="getbestSellers" time="1.541" classname="testScripts.automationTsng"/>
  <testcase name="getourStores" time="1.131" classname="testScripts.automationTsng"/>
  <testcase name="getnewproducts" time="2.326" classname="testScripts.automationTsng"/>
  <testcase name="getSiteMap" time="3.736" classname="testScripts.automationTsng"/>
  <testcase name="getspecial" time="1.537" classname="testScripts.automationTsng"/>
  <testcase name="getContactus" time="1.341" classname="testScripts.automationTsng"/>
  <testcase name="getTermsandCondition" time="2.372" classname="testScripts.automationTsng"/>
  <testcase name="getaboutUs" time="1.530" classname="testScripts.automationTsng"/>
</testsuite> <!-- testScripts.automationTsng -->
