<?xml version="1.0" encoding="UTF-8"?>
<!-- Generated by org.testng.reporters.JUnitReportReporter -->
<testsuite hostname="DESKTOP-LVNNG7C" name="testScripts.yahooTstng" tests="1" failures="0" timestamp="13 Apr 2021 19:13:45 GMT" time="3.664" errors="0">
  <testcase name="validateLoginElements" time="3.664" classname="testScripts.yahooTstng"/>
</testsuite> <!-- testScripts.yahooTstng -->
